[04:08:09] [ServerMain/INFO]: Environment: authHost='https://authserver.mojang.com', accountsHost='https://api.mojang.com', sessionHost='https://sessionserver.mojang.com', servicesHost='https://api.minecraftservices.com', name='PROD'
[04:08:10] [ServerMain/INFO]: Loaded 7 recipes
[04:08:11] [Server thread/INFO]: Starting minecraft server version 1.20
[04:08:11] [Server thread/INFO]: Loading properties
[04:08:11] [Server thread/INFO]: This server is running Paper version git-Paper-17 (MC: 1.20) (Implementing API version 1.20-R0.1-SNAPSHOT) (Git: c287e92)
[04:08:11] [Server thread/INFO]: Server Ping Player Sample Count: 12
[04:08:11] [Server thread/INFO]: Using 4 threads for Netty based IO
[04:08:11] [Server thread/WARN]: [!] The timings profiler has been enabled but has been scheduled for removal from Paper in the future.
    We recommend installing the spark profiler as a replacement: https://spark.lucko.me/
    For more information please visit: https://github.com/PaperMC/Paper/issues/8948
[04:08:11] [Server thread/INFO]: [ChunkTaskScheduler] Chunk system is using 1 I/O threads, 1 worker threads, and gen parallelism of 1 threads
[04:08:11] [Server thread/INFO]: Default game type: SURVIVAL
[04:08:11] [Server thread/INFO]: Generating keypair
[04:08:11] [Server thread/INFO]: Starting Minecraft server on *:25565
[04:08:11] [Server thread/INFO]: Using epoll channel type
[04:08:11] [Server thread/INFO]: Paper: Using libdeflate (Linux x86_64) compression from Velocity.
[04:08:11] [Server thread/INFO]: Paper: Using OpenSSL 1.1.x (Linux x86_64) cipher from Velocity.
[04:08:12] [Server thread/INFO]: [ViaVersion] Loading server plugin ViaVersion v5.1.0
[04:08:12] [Server thread/INFO]: [ViaVersion] ViaVersion 5.1.0 is now loaded. Registering protocol transformers and injecting...
[04:08:12] [Via-Mappingloader-0/INFO]: [ViaVersion] Loading block connection mappings ...
[04:08:12] [Via-Mappingloader-0/INFO]: [ViaVersion] Using FastUtil Long2ObjectOpenHashMap for block connections
[04:08:13] [Server thread/INFO]: [SkinsRestorer] Loading server plugin SkinsRestorer v15.4.4
[04:08:13] [Server thread/INFO]: Server permissions file permissions.yml is empty, ignoring it
[04:08:13] [Server thread/INFO]: [SkinsRestorer] Enabling SkinsRestorer v15.4.4
[04:08:13] [Server thread/WARN]: [SkinsRestorer] You must agree to the rules at 'commands.perSkinPermissionsConsent' in the config to use per skin permissions.
[04:08:13] [Server thread/INFO]: [SkinsRestorer] Running on Minecraft 1.20.0.
[04:08:14] [Server thread/INFO]: [SkinsRestorer] Using paper join listener!
[04:08:14] [Server thread/WARN]: **** SERVER IS RUNNING IN OFFLINE/INSECURE MODE!
[04:08:14] [Server thread/WARN]: The server will make no attempt to authenticate usernames. Beware.
[04:08:14] [Server thread/WARN]: While this makes the game possible to play without internet access, it also opens up the ability for hackers to connect with any username they choose.
[04:08:14] [Server thread/WARN]: To change this, set "online-mode" to "true" in the server.properties file.
[04:08:14] [Server thread/INFO]: Preparing level "world"
[04:08:14] [Server thread/INFO]: Preparing start region for dimension minecraft:overworld
[04:08:14] [Server thread/INFO]: Time elapsed: 190 ms
[04:08:14] [Server thread/INFO]: Preparing start region for dimension minecraft:the_nether
[04:08:14] [Server thread/INFO]: Time elapsed: 100 ms
[04:08:14] [Server thread/INFO]: Preparing start region for dimension minecraft:the_end
[04:08:14] [Server thread/INFO]: Time elapsed: 58 ms
[04:08:14] [Server thread/INFO]: [ViaVersion] Enabling ViaVersion v5.1.0
[04:08:14] [Server thread/INFO]: [ViaVersion] ViaVersion detected server version: 1.20-1.20.1 (763)
[04:08:14] [Server thread/INFO]: Running delayed init tasks
[04:08:14] [Server thread/INFO]: Done (3.660s)! For help, type "help"
[04:08:14] [Server thread/INFO]: Timings Reset
[04:08:14] [Craft Scheduler Thread - 4 - ViaVersion/INFO]: [ViaVersion] Finished mapping loading, shutting down loader executor.
[04:08:15] [Craft Scheduler Thread - 2 - SkinsRestorer/INFO]: [SkinsRestorer] ----------------------------------------------
[04:08:15] [Craft Scheduler Thread - 2 - SkinsRestorer/INFO]: [SkinsRestorer]     +==================+
[04:08:15] [Craft Scheduler Thread - 2 - SkinsRestorer/INFO]: [SkinsRestorer]     |   SkinsRestorer  |
[04:08:15] [Craft Scheduler Thread - 2 - SkinsRestorer/INFO]: [SkinsRestorer]     |------------------|
[04:08:15] [Craft Scheduler Thread - 2 - SkinsRestorer/INFO]: [SkinsRestorer]     |  Standalone Mode |
[04:08:15] [Craft Scheduler Thread - 2 - SkinsRestorer/INFO]: [SkinsRestorer]     +==================+
[04:08:15] [Craft Scheduler Thread - 2 - SkinsRestorer/INFO]: [SkinsRestorer] ----------------------------------------------
[04:08:15] [Craft Scheduler Thread - 2 - SkinsRestorer/INFO]: [SkinsRestorer]     Version: 15.4.4
[04:08:15] [Craft Scheduler Thread - 2 - SkinsRestorer/INFO]: [SkinsRestorer]     Commit: dc501c7
[04:08:15] [Craft Scheduler Thread - 2 - SkinsRestorer/INFO]: [SkinsRestorer]     This is the latest version!
[04:08:15] [Craft Scheduler Thread - 2 - SkinsRestorer/INFO]: [SkinsRestorer] ----------------------------------------------
[04:08:15] [Craft Scheduler Thread - 2 - SkinsRestorer/INFO]: [SkinsRestorer] Do you have issues? Read our troubleshooting guide: https://skinsrestorer.net/docs/troubleshooting
[04:08:15] [Craft Scheduler Thread - 2 - SkinsRestorer/INFO]: [SkinsRestorer] Want to support SkinsRestorer? Consider donating: https://skinsrestorer.net/donate
[04:08:15] [Server thread/WARN]: [ViaVersion] There is a newer plugin version available: 5.2.0, you're on: 5.1.0
[04:08:18] [Server thread/INFO]: Server Plugins (2):
[04:08:18] [Server thread/INFO]: Bukkit Plugins:
[04:08:18] [Server thread/INFO]:  - SkinsRestorer, ViaVersion
[04:08:19] [User Authenticator #0/INFO]: UUID of player ALFREDO1503 is 2eb8ba61-fc2c-38ad-adb8-83f0ca130e89
[04:08:22] [Server thread/INFO]: ALFREDO1503 joined the game
[04:08:22] [Server thread/INFO]: ALFREDO1503[/127.117.113.15:43165] logged in with entity id 227 at ([world]3386.628780642363, 22.0, -2303.3812080312123)
[04:08:41] [User Authenticator #0/INFO]: UUID of player angelDL_ is b1a45e93-1bcd-3fbd-b7e8-694ccfeced0c
[04:08:41] [Server thread/INFO]: angelDL_ joined the game
[04:08:41] [Server thread/INFO]: angelDL_[/127.26.47.224:42703] logged in with entity id 481 at ([world_the_end]1335.4363461433327, 66.0, 43.30000001192093)
[04:08:51] [Server thread/INFO]: angelDL_ issued server command: /tp ALFREDO1503
[04:08:51] [Server thread/INFO]: [angelDL_: Teleported angelDL_ to ALFREDO1503]
[04:08:59] [Server thread/INFO]: angelDL_ issued server command: /deop ALFREDO1503
[04:08:59] [Server thread/INFO]: [angelDL_: Made ALFREDO1503 no longer a server operator]
[04:15:12] [User Authenticator #1/INFO]: UUID of player neoangu is a213e24c-14aa-3485-aad1-1a0a37cc65f0
[04:15:12] [Server thread/INFO]: neoangu joined the game
[04:15:12] [Server thread/INFO]: neoangu[/127.204.135.86:58507] logged in with entity id 1559 at ([world]3385.4865368835635, 63.5625, -2321.6258333651986)
[04:15:57] [Server thread/WARN]: neoangu was kicked due to keepalive timeout!
[04:15:57] [Server thread/INFO]: neoangu lost connection: Timed out
[04:15:57] [Server thread/INFO]: neoangu left the game
[04:16:08] [User Authenticator #1/INFO]: UUID of player neoangu is a213e24c-14aa-3485-aad1-1a0a37cc65f0
[04:16:09] [Server thread/INFO]: neoangu joined the game
[04:16:09] [Server thread/INFO]: neoangu[/127.204.135.86:35955] logged in with entity id 1684 at ([world]3385.5904142969066, 63.0, -2316.841584334157)
[04:29:33] [Async Chat Thread - #1/INFO]: [Not Secure] <ALFREDO1503> VEN NEO
[04:31:24] [Async Chat Thread - #2/INFO]: [Not Secure] <neoangu> GRACIAS ALFREDO
[04:34:22] [Server thread/INFO]: angelDL_ lost connection: Disconnected
[04:34:22] [Server thread/INFO]: angelDL_ left the game
[04:34:31] [User Authenticator #2/INFO]: UUID of player angelDL_ is b1a45e93-1bcd-3fbd-b7e8-694ccfeced0c
[04:34:31] [Server thread/INFO]: angelDL_ joined the game
[04:34:31] [Server thread/INFO]: angelDL_[/127.26.47.224:47317] logged in with entity id 8306 at ([world]3390.99757965859, 63.0, -2321.510002792315)
[04:38:59] [Server thread/WARN]: neoangu was kicked due to keepalive timeout!
[04:38:59] [Server thread/INFO]: neoangu lost connection: Timed out
[04:38:59] [Server thread/INFO]: neoangu left the game
[04:39:07] [User Authenticator #3/INFO]: UUID of player neoangu is a213e24c-14aa-3485-aad1-1a0a37cc65f0
[04:39:07] [Server thread/INFO]: neoangu joined the game
[04:39:07] [Server thread/INFO]: neoangu[/127.204.135.86:43837] logged in with entity id 9431 at ([world_nether]405.99532087793597, 60.15312379606114, -293.96549404709094)
[04:39:11] [Server thread/INFO]: ALFREDO1503 lost connection: Disconnected
[04:39:11] [Server thread/INFO]: ALFREDO1503 left the game
[04:39:15] [User Authenticator #3/INFO]: UUID of player ALFREDO1503 is 2eb8ba61-fc2c-38ad-adb8-83f0ca130e89
[04:39:15] [Server thread/INFO]: ALFREDO1503 joined the game
[04:39:15] [Server thread/INFO]: ALFREDO1503[/127.117.113.15:34163] logged in with entity id 9441 at ([world]3328.922786927917, 64.9375, -2330.4701512544775)
[04:40:42] [Server thread/INFO]: angelDL_ issued server command: /tp ALFREDO1503
[04:40:42] [Server thread/INFO]: [angelDL_: Teleported angelDL_ to ALFREDO1503]
[04:40:53] [Server thread/WARN]: neoangu was kicked due to keepalive timeout!
[04:40:53] [Server thread/INFO]: neoangu lost connection: Timed out
[04:40:53] [Server thread/INFO]: neoangu left the game
[04:41:23] [User Authenticator #4/INFO]: UUID of player neoangu is a213e24c-14aa-3485-aad1-1a0a37cc65f0
[04:41:23] [Server thread/INFO]: neoangu joined the game
[04:41:23] [Server thread/INFO]: neoangu[/127.204.135.86:54015] logged in with entity id 10109 at ([world_nether]344.3001136828281, 49.0, -275.9666691225409)
[04:41:39] [Server thread/INFO]: neoangu lost connection: Disconnected
[04:41:39] [Server thread/INFO]: neoangu left the game
[04:41:44] [User Authenticator #4/INFO]: UUID of player neoangu is a213e24c-14aa-3485-aad1-1a0a37cc65f0
[04:41:44] [Server thread/INFO]: neoangu joined the game
[04:41:44] [Server thread/INFO]: neoangu[/127.204.135.86:48531] logged in with entity id 10138 at ([world_nether]344.3001136828281, 49.0, -275.9666691225409)
[04:42:42] [Server thread/INFO]: angelDL_ issued server command: /gamemode creative
[04:42:42] [Server thread/INFO]: [angelDL_: Set own game mode to Creative Mode]
[04:42:55] [Server thread/INFO]: angelDL_ issued server command: /gamemode survival
[04:42:55] [Server thread/INFO]: [angelDL_: Set own game mode to Survival Mode]
[04:44:07] [Server thread/INFO]: angelDL_ issued server command: /tp ALFREDO1503 angelDL_
[04:44:07] [Server thread/INFO]: [angelDL_: Teleported ALFREDO1503 to angelDL_]
[04:44:49] [Async Chat Thread - #4/INFO]: [Not Secure] <neoangu> boyyy laag
[04:44:59] [Async Chat Thread - #5/INFO]: [Not Secure] <angelDL_> ahorita los tpeo
[04:45:46] [Server thread/WARN]: Strider (vehicle of angelDL_) moved wrongly! 0.7202987071411134
[04:45:53] [Server thread/INFO]: angelDL_ issued server command: /tp @a angelDL_
[04:45:53] [Server thread/INFO]: [angelDL_: Teleported 3 entities to angelDL_]
[04:46:08] [Server thread/INFO]: angelDL_ has made the advancement [This Boat Has Legs]
[04:46:49] [Async Chat Thread - #6/INFO]: [Not Secure] <ALFREDO1503> queeeee
[04:46:59] [Async Chat Thread - #7/INFO]: [Not Secure] <neoangu> toy lag
[04:47:20] [Async Chat Thread - #6/INFO]: [Not Secure] <neoangu> 70
[04:47:48] [Server thread/INFO]: angelDL_ issued server command: /tp @a angelDL_
[04:47:48] [Server thread/INFO]: [angelDL_: Teleported 3 entities to angelDL_]
[04:48:07] [Server thread/INFO]: angelDL_ issued server command: /gamemode spectator
[04:48:07] [Server thread/INFO]: [angelDL_: Set own game mode to Spectator Mode]
[04:48:23] [Server thread/INFO]: angelDL_ issued server command: /gamemode survival
[04:48:23] [Server thread/INFO]: [angelDL_: Set own game mode to Survival Mode]
[04:48:54] [Server thread/INFO]: angelDL_ issued server command: /gamemode spectator
[04:48:54] [Server thread/INFO]: [angelDL_: Set own game mode to Spectator Mode]
[04:49:32] [Server thread/INFO]: angelDL_ issued server command: /gamemode survival
[04:49:32] [Server thread/INFO]: [angelDL_: Set own game mode to Survival Mode]
[04:51:11] [Server thread/WARN]: Strider (vehicle of ALFREDO1503) moved wrongly! 0.6189269709658731
[04:51:11] [Server thread/WARN]: Strider (vehicle of ALFREDO1503) moved wrongly! 0.7659544675605616
[04:51:11] [Server thread/WARN]: Strider (vehicle of ALFREDO1503) moved wrongly! 0.8271481267046568
[04:51:11] [Server thread/WARN]: Strider (vehicle of ALFREDO1503) moved wrongly! 0.8673124956733602
[04:51:30] [Server thread/INFO]: angelDL_ issued server command: /tp ALFREDO1503 angelDL_
[04:51:30] [Server thread/INFO]: [angelDL_: Teleported ALFREDO1503 to angelDL_]
[04:52:15] [Server thread/WARN]: neoangu was kicked due to keepalive timeout!
[04:52:15] [Server thread/INFO]: neoangu lost connection: Timed out
[04:52:15] [Server thread/INFO]: neoangu left the game
[04:52:50] [Server thread/INFO]: angelDL_ issued server command: /tp ALFREDO1503 angelDL_
[04:52:50] [Server thread/INFO]: [angelDL_: Teleported ALFREDO1503 to angelDL_]
[04:52:51] [Server thread/INFO]: ALFREDO1503 has completed the challenge [Hot Tourist Destinations]
[04:53:05] [User Authenticator #5/INFO]: UUID of player neoangu is a213e24c-14aa-3485-aad1-1a0a37cc65f0
[04:53:05] [Server thread/INFO]: neoangu joined the game
[04:53:05] [Server thread/INFO]: neoangu[/127.204.135.86:42367] logged in with entity id 11879 at ([world_nether]143.30000001192093, 37.0, -269.294154209438)
[04:53:10] [Server thread/INFO]: angelDL_ issued server command: /tp @a angelDL_
[04:53:10] [Server thread/INFO]: [angelDL_: Teleported 3 entities to angelDL_]
[04:53:11] [Server thread/INFO]: ALFREDO1503 has made the advancement [A Terrible Fortress]
[04:57:47] [Async Chat Thread - #8/INFO]: [Not Secure] <angelDL_> es que entregue mi formulario de calculo
[04:58:10] [Async Chat Thread - #9/INFO]: [Not Secure] <angelDL_> y puse en una formula, mientras sean del mismo sexo en una broma internaç
[04:58:16] [Async Chat Thread - #8/INFO]: [Not Secure] <angelDL_> y lo leyo
[04:58:23] [Server thread/WARN]: angelDL_ moved too quickly! 10.207398062367034,0.8322033533667508,-0.5317372890277738
[04:58:33] [Server thread/INFO]: angelDL_ lost connection: Disconnected
[04:58:33] [Server thread/INFO]: angelDL_ left the game
[04:58:35] [User Authenticator #6/INFO]: UUID of player angelDL_ is b1a45e93-1bcd-3fbd-b7e8-694ccfeced0c
[04:58:35] [Server thread/INFO]: angelDL_ joined the game
[04:58:35] [Server thread/INFO]: angelDL_[/127.26.47.224:49331] logged in with entity id 12611 at ([world_nether]110.74581688596297, 63.0, -161.5446024886949)
